[debug] [2023-10-11T21:01:04.984Z] ----------------------------------------------------------------------
[debug] [2023-10-11T21:01:04.986Z] Command:       C:\Program Files\nodejs\node.exe C:\Users\franc\AppData\Roaming\npm\node_modules\firebase-tools\lib\bin\firebase.js init hosting
[debug] [2023-10-11T21:01:04.987Z] CLI Version:   12.6.2
[debug] [2023-10-11T21:01:04.988Z] Platform:      win32
[debug] [2023-10-11T21:01:04.988Z] Node Version:  v18.18.0
[debug] [2023-10-11T21:01:04.989Z] Time:          Wed Oct 11 2023 18:01:04 GMT-0300 (Chile Summer Time)
[debug] [2023-10-11T21:01:04.989Z] ----------------------------------------------------------------------
[debug] 
[debug] [2023-10-11T21:01:05.070Z] > command requires scopes: ["email","openid","https://www.googleapis.com/auth/cloudplatformprojects.readonly","https://www.googleapis.com/auth/firebase","https://www.googleapis.com/auth/cloud-platform"]
[debug] [2023-10-11T21:01:05.071Z] > authorizing via signed-in user (francisco.montecinos1999@gmail.com)
[info] 
     ######## #### ########  ######## ########     ###     ######  ########
     ##        ##  ##     ## ##       ##     ##  ##   ##  ##       ##
     ######    ##  ########  ######   ########  #########  ######  ######
     ##        ##  ##    ##  ##       ##     ## ##     ##       ## ##
     ##       #### ##     ## ######## ########  ##     ##  ######  ########

You're about to initialize a Firebase project in this directory:

  D:\Proyecto titulo\Tempor\Tempor

Before we get started, keep in mind:

  * You are initializing within an existing Firebase project directory

[info] 
=== Project Setup
[info] 
[info] First, let's associate this project directory with a Firebase project.
[info] You can create multiple project aliases by running firebase use --add, 
[info] but for now we'll just set up a default project.
[info] 
[debug] [2023-10-11T21:01:05.134Z] Using project from CLI flag: crud-4ffc9
[debug] [2023-10-11T21:01:05.137Z] >>> [apiv2][query] GET https://firebase.googleapis.com/v1beta1/projects/crud-4ffc9 [none]
[debug] [2023-10-11T21:01:05.544Z] <<< [apiv2][status] GET https://firebase.googleapis.com/v1beta1/projects/crud-4ffc9 200
[debug] [2023-10-11T21:01:05.544Z] <<< [apiv2][body] GET https://firebase.googleapis.com/v1beta1/projects/crud-4ffc9 {"projectId":"crud-4ffc9","projectNumber":"864403669388","displayName":"Tempor","name":"projects/crud-4ffc9","resources":{"hostingSite":"crud-4ffc9","storageBucket":"crud-4ffc9.appspot.com","locationId":"us-central"},"state":"ACTIVE","etag":"1_c5883243-aa3f-4ebb-9ea5-85721b63e441"}
[info] i  Using project crud-4ffc9 (Tempor) 
[info] 
=== Hosting Setup
[info] 
[info] Your public directory is the folder (relative to your project directory) that
[info] will contain Hosting assets to be uploaded with firebase deploy. If you
[info] have a build process for your assets, use your build's output directory.
[info] 
